<?xml version="1.0" encoding="UTF-8"?>
<!-- Generated by org.testng.reporters.JUnitReportReporter -->
<testsuite hostname="DESKTOP-FEUF1BS" failures="0" tests="4" name="Interviewselenium.AnnotationTest" time="0.040" errors="0" timestamp="2021-04-20T20:19:52 EDT" skipped="0">
  <testcase classname="Interviewselenium.AnnotationTest" name="test1" time="0.021"/>
  <system-out/>
  <testcase classname="Interviewselenium.AnnotationTest" name="test2" time="0.004"/>
  <system-out/>
  <testcase classname="Interviewselenium.AnnotationTest" name="test1" time="0.010"/>
  <system-out/>
  <testcase classname="Interviewselenium.AnnotationTest" name="test1" time="0.005"/>
  <system-out/>
</testsuite> <!-- Interviewselenium.AnnotationTest -->
