<?xml version="1.0" encoding="UTF-8"?>
<!-- Generated by org.testng.reporters.JUnitReportReporter -->
<testsuite hostname="DESKTOP-FEUF1BS" failures="0" tests="1" name="pageFactorywithoutannotation.Loginwithoutfindby" time="8.842" errors="0" timestamp="2021-04-13T23:09:31 EDT" skipped="0">
  <testcase classname="pageFactorywithoutannotation.Loginwithoutfindby" name="login" time="8.842"/>
  <system-out/>
</testsuite> <!-- pageFactorywithoutannotation.Loginwithoutfindby -->
