<?xml version="1.0" encoding="UTF-8"?>
<!-- Generated by org.testng.reporters.JUnitReportReporter -->
<testsuite hostname="DESKTOP-FEUF1BS" failures="0" tests="1" name="Interviewselenium.Assertverify" time="0.019" errors="0" timestamp="2021-04-20T17:15:45 EDT" skipped="0">
  <testcase classname="Interviewselenium.Assertverify" name="assertverify" time="0.019"/>
  <system-out/>
</testsuite> <!-- Interviewselenium.Assertverify -->
